<?xml version="1.0" encoding="UTF-8"?>
<!-- Generated by org.testng.reporters.JUnitReportReporter -->
<testsuite skipped="0" hostname="DESKTOP-6CA5LL6" name="testng.Rohit1" tests="1" failures="0" timestamp="2022-06-24T11:18:43 IST" time="0.020" errors="0">
  <testcase name="rohit" time="0.020" classname="testng.Rohit1"/>
  <system-out/>
</testsuite> <!-- testng.Rohit1 -->
