<?xml version="1.0" encoding="UTF-8"?>
<!-- Generated by org.testng.reporters.JUnitReportReporter -->
<testsuite skipped="0" hostname="DESKTOP-6CA5LL6" name="testng.testng1" tests="3" failures="0" timestamp="2022-06-25T16:56:45 IST" time="0.038" errors="0">
  <testcase name="abcd" time="0.022" classname="testng.testng1"/>
  <system-out/>
  <testcase name="verifyTitle" time="0.000" classname="testng.testng1"/>
  <system-out/>
  <testcase name="abc" time="0.016" classname="testng.testng1"/>
  <system-out/>
</testsuite> <!-- testng.testng1 -->
