<?xml version="1.0" encoding="UTF-8"?>
<!-- Generated by org.testng.reporters.JUnitReportReporter -->
<testsuite skipped="0" hostname="DESKTOP-6CA5LL6" name="testng.Beforeandaftermethod" tests="3" failures="0" timestamp="2022-06-24T09:07:19 IST" time="0.039" errors="0">
  <testcase name="addVendor" time="0.026" classname="testng.Beforeandaftermethod"/>
  <system-out/>
  <testcase name="addProduct" time="0.008" classname="testng.Beforeandaftermethod"/>
  <system-out/>
  <testcase name="aadCurrency" time="0.005" classname="testng.Beforeandaftermethod"/>
  <system-out/>
</testsuite> <!-- testng.Beforeandaftermethod -->
