<?xml version="1.0" encoding="UTF-8"?>
<!-- Generated by org.testng.reporters.JUnitReportReporter -->
<testsuite skipped="0" hostname="DESKTOP-6CA5LL6" name="testng.demo1" tests="2" failures="0" timestamp="2022-06-23T18:32:43 IST" time="0.062" errors="0">
  <testcase name="g" time="0.030" classname="testng.demo1"/>
  <system-out/>
  <testcase name="f" time="0.032" classname="testng.demo1"/>
  <system-out/>
</testsuite> <!-- testng.demo1 -->
