<?xml version="1.0" encoding="UTF-8"?>
<!-- Generated by org.testng.reporters.JUnitReportReporter -->
<testsuite skipped="0" hostname="DESKTOP-6CA5LL6" name="testng.alwaystrue" tests="4" failures="0" timestamp="2022-06-24T11:14:14 IST" time="0.053" errors="0">
  <testcase name="advanceSearch" time="0.029" classname="testng.alwaystrue"/>
  <system-out/>
  <testcase name="search" time="0.017" classname="testng.alwaystrue"/>
  <system-out/>
  <testcase name="logout" time="0.005" classname="testng.alwaystrue"/>
  <system-out/>
  <testcase name="login" time="0.002" classname="testng.alwaystrue"/>
  <system-out/>
</testsuite> <!-- testng.alwaystrue -->
